<?xml version="1.0" encoding="utf-8"?>
<TestRun id="ca717f25-96f0-454a-ae1a-74ef26fa4a62" name="@67475bd61e79 2025-11-29 00:51:30" xmlns="http://microsoft.com/schemas/VisualStudio/TeamTest/2010">
  <Times creation="2025-11-29T00:51:30.0281657+00:00" queuing="2025-11-29T00:51:30.0281657+00:00" start="2025-11-29T00:51:28.8729875+00:00" finish="2025-11-29T00:51:31.2842981+00:00" />
  <TestSettings name="default" id="26bfca87-d598-4f40-947f-74aff30e5b59">
    <Deployment runDeploymentRoot="_67475bd61e79_2025-11-29_00_51_30" />
  </TestSettings>
  <Results>
    <UnitTestResult executionId="ee80328b-4b05-4d6c-a87f-031317cb7027" testId="e4405dc5-c776-6e7e-0c2f-4b8d1f523176" testName="Firmeza.Test.Controllers.ProductsControllerTests.Delete_ShouldReturnNoContent" computerName="67475bd61e79" duration="00:00:00.0049790" startTime="2025-11-29T00:51:30.0149589+00:00" endTime="2025-11-29T00:51:30.0157918+00:00" testType="13cdc9d9-ddb5-4fa4-a97d-d965ccfc6d4b" outcome="Passed" testListId="8c84fa94-04c1-424b-9868-57a2d4851a1d" relativeResultsDirectory="ee80328b-4b05-4d6c-a87f-031317cb7027" />
    <UnitTestResult executionId="3a13fdae-4d37-4f38-a29b-9c8b9ecc3303" testId="9dc726a9-264b-66e0-e985-dec9a87af462" testName="Firmeza.Test.Controllers.CategoriesControllerTests.Delete_ShouldReturnNoContent" computerName="67475bd61e79" duration="00:00:00.0025500" startTime="2025-11-29T00:51:30.0157550+00:00" endTime="2025-11-29T00:51:30.0158108+00:00" testType="13cdc9d9-ddb5-4fa4-a97d-d965ccfc6d4b" outcome="Passed" testListId="8c84fa94-04c1-424b-9868-57a2d4851a1d" relativeResultsDirectory="3a13fdae-4d37-4f38-a29b-9c8b9ecc3303" />
    <UnitTestResult executionId="5df4d460-9f1c-48c5-a3ee-dd7837588c7e" testId="28120273-2f50-ca51-2907-bb5d1a93dd0a" testName="Firmeza.Test.Controllers.CategoriesControllerTests.Update_WithMismatchedId_ShouldReturnBadRequest" computerName="67475bd61e79" duration="00:00:00.0834375" startTime="2025-11-29T00:51:29.9071151+00:00" endTime="2025-11-29T00:51:29.9726782+00:00" testType="13cdc9d9-ddb5-4fa4-a97d-d965ccfc6d4b" outcome="Passed" testListId="8c84fa94-04c1-424b-9868-57a2d4851a1d" relativeResultsDirectory="5df4d460-9f1c-48c5-a3ee-dd7837588c7e" />
    <UnitTestResult executionId="74dc9eda-c495-48d0-bee5-0f1945be0273" testId="0952a2b8-7e24-7908-dba9-3ba76ff697f9" testName="Firmeza.Test.Controllers.ProductsControllerTests.GetProductById_WhenProductExists_ShouldReturnOkWithProduct" computerName="67475bd61e79" duration="00:00:00.0017644" startTime="2025-11-29T00:51:30.0076344+00:00" endTime="2025-11-29T00:51:30.0144372+00:00" testType="13cdc9d9-ddb5-4fa4-a97d-d965ccfc6d4b" outcome="Passed" testListId="8c84fa94-04c1-424b-9868-57a2d4851a1d" relativeResultsDirectory="74dc9eda-c495-48d0-bee5-0f1945be0273" />
    <UnitTestResult executionId="b6875104-4a5a-487d-9cad-64c5ee4f81cc" testId="2de7e885-2ad2-4ad3-5617-5b9d5f4f2d8b" testName="Firmeza.Test.Controllers.ProductsControllerTests.GetProducts_ShouldReturnOkWithProducts" computerName="67475bd61e79" duration="00:00:00.0140648" startTime="2025-11-29T00:51:29.9747783+00:00" endTime="2025-11-29T00:51:29.9874059+00:00" testType="13cdc9d9-ddb5-4fa4-a97d-d965ccfc6d4b" outcome="Passed" testListId="8c84fa94-04c1-424b-9868-57a2d4851a1d" relativeResultsDirectory="b6875104-4a5a-487d-9cad-64c5ee4f81cc" />
    <UnitTestResult executionId="04037d6c-f982-4758-b119-e34fd4c8778a" testId="53e6e6ed-6980-f63c-efaf-140c1f1b57d4" testName="Firmeza.Test.Controllers.CategoriesControllerTests.Create_ShouldReturnOkWithCategoryId" computerName="67475bd61e79" duration="00:00:00.0018358" startTime="2025-11-29T00:51:30.0163461+00:00" endTime="2025-11-29T00:51:30.0169179+00:00" testType="13cdc9d9-ddb5-4fa4-a97d-d965ccfc6d4b" outcome="Passed" testListId="8c84fa94-04c1-424b-9868-57a2d4851a1d" relativeResultsDirectory="04037d6c-f982-4758-b119-e34fd4c8778a" />
    <UnitTestResult executionId="ae6c3abd-28c7-44be-9839-8a7d690fb778" testId="0ec0b9bd-1d5f-5dbe-6ec5-9739c00267c9" testName="Firmeza.Test.Controllers.ProductsControllerTests.Update_WithMatchingId_ShouldReturnNoContent" computerName="67475bd61e79" duration="00:00:00.0008299" startTime="2025-11-29T00:51:30.0163306+00:00" endTime="2025-11-29T00:51:30.0164014+00:00" testType="13cdc9d9-ddb5-4fa4-a97d-d965ccfc6d4b" outcome="Passed" testListId="8c84fa94-04c1-424b-9868-57a2d4851a1d" relativeResultsDirectory="ae6c3abd-28c7-44be-9839-8a7d690fb778" />
    <UnitTestResult executionId="9b7fa230-f038-417e-9b8a-47dae815915b" testId="db2d2302-ace7-37fa-da36-2eda43936d60" testName="Firmeza.Test.Controllers.ProductsControllerTests.Update_WithMismatchedId_ShouldReturnBadRequest" computerName="67475bd61e79" duration="00:00:00.0009234" startTime="2025-11-29T00:51:29.9886073+00:00" endTime="2025-11-29T00:51:29.9887499+00:00" testType="13cdc9d9-ddb5-4fa4-a97d-d965ccfc6d4b" outcome="Passed" testListId="8c84fa94-04c1-424b-9868-57a2d4851a1d" relativeResultsDirectory="9b7fa230-f038-417e-9b8a-47dae815915b" />
    <UnitTestResult executionId="e8a4ad27-766e-4ad4-870e-2c09d2d4fb32" testId="31347182-ddad-17a2-3563-92f5066de168" testName="Firmeza.Test.Controllers.CategoriesControllerTests.GetCategoryById_WhenCategoryExists_ShouldReturnOkWithCategory" computerName="67475bd61e79" duration="00:00:00.0012534" startTime="2025-11-29T00:51:30.0143643+00:00" endTime="2025-11-29T00:51:30.0150065+00:00" testType="13cdc9d9-ddb5-4fa4-a97d-d965ccfc6d4b" outcome="Passed" testListId="8c84fa94-04c1-424b-9868-57a2d4851a1d" relativeResultsDirectory="e8a4ad27-766e-4ad4-870e-2c09d2d4fb32" />
    <UnitTestResult executionId="6066f45d-2b8f-4587-94d6-87b344ed81ec" testId="c976c0e6-2271-7e53-2da4-18d516f6a38f" testName="Firmeza.Test.Integration.DatabaseTest.CanConnectToDatabase" computerName="67475bd61e79" duration="00:00:00.9975224" startTime="2025-11-29T00:51:29.9061056+00:00" endTime="2025-11-29T00:51:30.8895935+00:00" testType="13cdc9d9-ddb5-4fa4-a97d-d965ccfc6d4b" outcome="Passed" testListId="8c84fa94-04c1-424b-9868-57a2d4851a1d" relativeResultsDirectory="6066f45d-2b8f-4587-94d6-87b344ed81ec" />
    <UnitTestResult executionId="81f61d95-2def-44cb-b289-431a8aafdd91" testId="2691497b-232e-57e8-a50a-0525a8a84809" testName="Firmeza.Test.Controllers.CategoriesControllerTests.Update_WithMatchingId_ShouldReturnNoContent" computerName="67475bd61e79" duration="00:00:00.0014051" startTime="2025-11-29T00:51:30.0153970+00:00" endTime="2025-11-29T00:51:30.0154505+00:00" testType="13cdc9d9-ddb5-4fa4-a97d-d965ccfc6d4b" outcome="Passed" testListId="8c84fa94-04c1-424b-9868-57a2d4851a1d" relativeResultsDirectory="81f61d95-2def-44cb-b289-431a8aafdd91" />
    <UnitTestResult executionId="a57f7eff-6736-4c14-abea-eb065f9d2a11" testId="2acaf2fd-86a3-2f8a-a23a-b5594d38aa92" testName="Firmeza.Test.Controllers.ProductsControllerTests.Create_ShouldReturnOkWithProductId" computerName="67475bd61e79" duration="00:00:00.0839621" startTime="2025-11-29T00:51:29.9073069+00:00" endTime="2025-11-29T00:51:29.9741506+00:00" testType="13cdc9d9-ddb5-4fa4-a97d-d965ccfc6d4b" outcome="Passed" testListId="8c84fa94-04c1-424b-9868-57a2d4851a1d" relativeResultsDirectory="a57f7eff-6736-4c14-abea-eb065f9d2a11" />
    <UnitTestResult executionId="47221e54-a491-4b8a-8f7c-88bc3cbf340b" testId="3c878477-a82d-eb53-c816-6f33eb051710" testName="Firmeza.Test.Integration.AuthTest.Login_WithDefaultAdmin_ShouldReturnToken" computerName="67475bd61e79" duration="00:00:00.9090797" startTime="2025-11-29T00:51:29.9072609+00:00" endTime="2025-11-29T00:51:30.8070208+00:00" testType="13cdc9d9-ddb5-4fa4-a97d-d965ccfc6d4b" outcome="Failed" testListId="8c84fa94-04c1-424b-9868-57a2d4851a1d" relativeResultsDirectory="47221e54-a491-4b8a-8f7c-88bc3cbf340b">
      <Output>
        <ErrorInfo>
          <Message>System.Net.Http.HttpRequestException : Response status code does not indicate success: 500 (Internal Server Error).</Message>
          <StackTrace>   at System.Net.Http.HttpResponseMessage.EnsureSuccessStatusCode()
   at Firmeza.Test.Integration.AuthTest.Login_WithDefaultAdmin_ShouldReturnToken() in /src/Firmeza.Test/Integration/AuthTest.cs:line 27
--- End of stack trace from previous location ---</StackTrace>
        </ErrorInfo>
      </Output>
    </UnitTestResult>
    <UnitTestResult executionId="f8da35cc-0b76-4cd7-9b7d-d8de0ed7f969" testId="41e80eef-3db2-1f34-c15b-f511df934af4" testName="Firmeza.Test.UnitTest1.Test1" computerName="67475bd61e79" duration="00:00:00.0026825" startTime="2025-11-29T00:51:29.9072859+00:00" endTime="2025-11-29T00:51:29.9080810+00:00" testType="13cdc9d9-ddb5-4fa4-a97d-d965ccfc6d4b" outcome="Passed" testListId="8c84fa94-04c1-424b-9868-57a2d4851a1d" relativeResultsDirectory="f8da35cc-0b76-4cd7-9b7d-d8de0ed7f969" />
    <UnitTestResult executionId="c4d854cb-da3b-4cdd-b0a1-7b8d7472c06b" testId="36abd493-0434-c1a8-2407-7a0907013cc5" testName="Firmeza.Test.Controllers.CategoriesControllerTests.GetCategoryById_WhenCategoryDoesNotExist_ShouldReturnNotFound" computerName="67475bd61e79" duration="00:00:00.0023913" startTime="2025-11-29T00:51:29.9886454+00:00" endTime="2025-11-29T00:51:30.0077157+00:00" testType="13cdc9d9-ddb5-4fa4-a97d-d965ccfc6d4b" outcome="Passed" testListId="8c84fa94-04c1-424b-9868-57a2d4851a1d" relativeResultsDirectory="c4d854cb-da3b-4cdd-b0a1-7b8d7472c06b" />
    <UnitTestResult executionId="5237a07a-a788-41e2-8179-89ee3e3d60f7" testId="dc385912-a868-143b-1121-d9dcbb9aed21" testName="Firmeza.Test.Controllers.ProductsControllerTests.GetProductById_WhenProductDoesNotExist_ShouldReturnNotFound" computerName="67475bd61e79" duration="00:00:00.0006325" startTime="2025-11-29T00:51:30.0166678+00:00" endTime="2025-11-29T00:51:30.0167012+00:00" testType="13cdc9d9-ddb5-4fa4-a97d-d965ccfc6d4b" outcome="Passed" testListId="8c84fa94-04c1-424b-9868-57a2d4851a1d" relativeResultsDirectory="5237a07a-a788-41e2-8179-89ee3e3d60f7" />
    <UnitTestResult executionId="ef02f80f-81d5-4004-8208-1fbeac3b72f2" testId="a4d93d9f-5c63-e9d5-640a-345118202f50" testName="Firmeza.Test.Controllers.CategoriesControllerTests.GetCategories_ShouldReturnOkWithCategories" computerName="67475bd61e79" duration="00:00:00.0144915" startTime="2025-11-29T00:51:29.9740889+00:00" endTime="2025-11-29T00:51:29.9873301+00:00" testType="13cdc9d9-ddb5-4fa4-a97d-d965ccfc6d4b" outcome="Passed" testListId="8c84fa94-04c1-424b-9868-57a2d4851a1d" relativeResultsDirectory="ef02f80f-81d5-4004-8208-1fbeac3b72f2" />
  </Results>
  <TestDefinitions>
    <UnitTest name="Firmeza.Test.Controllers.ProductsControllerTests.Update_WithMatchingId_ShouldReturnNoContent" storage="/src/firmeza.test/bin/release/net8.0/firmeza.test.dll" id="0ec0b9bd-1d5f-5dbe-6ec5-9739c00267c9">
      <Execution id="ae6c3abd-28c7-44be-9839-8a7d690fb778" />
      <TestMethod codeBase="/src/Firmeza.Test/bin/Release/net8.0/Firmeza.Test.dll" adapterTypeName="executor://xunit/VsTestRunner3/netcore/" className="Firmeza.Test.Controllers.ProductsControllerTests" name="Update_WithMatchingId_ShouldReturnNoContent" />
    </UnitTest>
    <UnitTest name="Firmeza.Test.Controllers.CategoriesControllerTests.GetCategoryById_WhenCategoryExists_ShouldReturnOkWithCategory" storage="/src/firmeza.test/bin/release/net8.0/firmeza.test.dll" id="31347182-ddad-17a2-3563-92f5066de168">
      <Execution id="e8a4ad27-766e-4ad4-870e-2c09d2d4fb32" />
      <TestMethod codeBase="/src/Firmeza.Test/bin/Release/net8.0/Firmeza.Test.dll" adapterTypeName="executor://xunit/VsTestRunner3/netcore/" className="Firmeza.Test.Controllers.CategoriesControllerTests" name="GetCategoryById_WhenCategoryExists_ShouldReturnOkWithCategory" />
    </UnitTest>
    <UnitTest name="Firmeza.Test.Controllers.CategoriesControllerTests.Create_ShouldReturnOkWithCategoryId" storage="/src/firmeza.test/bin/release/net8.0/firmeza.test.dll" id="53e6e6ed-6980-f63c-efaf-140c1f1b57d4">
      <Execution id="04037d6c-f982-4758-b119-e34fd4c8778a" />
      <TestMethod codeBase="/src/Firmeza.Test/bin/Release/net8.0/Firmeza.Test.dll" adapterTypeName="executor://xunit/VsTestRunner3/netcore/" className="Firmeza.Test.Controllers.CategoriesControllerTests" name="Create_ShouldReturnOkWithCategoryId" />
    </UnitTest>
    <UnitTest name="Firmeza.Test.Controllers.CategoriesControllerTests.Update_WithMatchingId_ShouldReturnNoContent" storage="/src/firmeza.test/bin/release/net8.0/firmeza.test.dll" id="2691497b-232e-57e8-a50a-0525a8a84809">
      <Execution id="81f61d95-2def-44cb-b289-431a8aafdd91" />
      <TestMethod codeBase="/src/Firmeza.Test/bin/Release/net8.0/Firmeza.Test.dll" adapterTypeName="executor://xunit/VsTestRunner3/netcore/" className="Firmeza.Test.Controllers.CategoriesControllerTests" name="Update_WithMatchingId_ShouldReturnNoContent" />
    </UnitTest>
    <UnitTest name="Firmeza.Test.Controllers.ProductsControllerTests.Update_WithMismatchedId_ShouldReturnBadRequest" storage="/src/firmeza.test/bin/release/net8.0/firmeza.test.dll" id="db2d2302-ace7-37fa-da36-2eda43936d60">
      <Execution id="9b7fa230-f038-417e-9b8a-47dae815915b" />
      <TestMethod codeBase="/src/Firmeza.Test/bin/Release/net8.0/Firmeza.Test.dll" adapterTypeName="executor://xunit/VsTestRunner3/netcore/" className="Firmeza.Test.Controllers.ProductsControllerTests" name="Update_WithMismatchedId_ShouldReturnBadRequest" />
    </UnitTest>
    <UnitTest name="Firmeza.Test.Controllers.ProductsControllerTests.GetProductById_WhenProductDoesNotExist_ShouldReturnNotFound" storage="/src/firmeza.test/bin/release/net8.0/firmeza.test.dll" id="dc385912-a868-143b-1121-d9dcbb9aed21">
      <Execution id="5237a07a-a788-41e2-8179-89ee3e3d60f7" />
      <TestMethod codeBase="/src/Firmeza.Test/bin/Release/net8.0/Firmeza.Test.dll" adapterTypeName="executor://xunit/VsTestRunner3/netcore/" className="Firmeza.Test.Controllers.ProductsControllerTests" name="GetProductById_WhenProductDoesNotExist_ShouldReturnNotFound" />
    </UnitTest>
    <UnitTest name="Firmeza.Test.Integration.AuthTest.Login_WithDefaultAdmin_ShouldReturnToken" storage="/src/firmeza.test/bin/release/net8.0/firmeza.test.dll" id="3c878477-a82d-eb53-c816-6f33eb051710">
      <Execution id="47221e54-a491-4b8a-8f7c-88bc3cbf340b" />
      <TestMethod codeBase="/src/Firmeza.Test/bin/Release/net8.0/Firmeza.Test.dll" adapterTypeName="executor://xunit/VsTestRunner3/netcore/" className="Firmeza.Test.Integration.AuthTest" name="Login_WithDefaultAdmin_ShouldReturnToken" />
    </UnitTest>
    <UnitTest name="Firmeza.Test.Controllers.CategoriesControllerTests.GetCategoryById_WhenCategoryDoesNotExist_ShouldReturnNotFound" storage="/src/firmeza.test/bin/release/net8.0/firmeza.test.dll" id="36abd493-0434-c1a8-2407-7a0907013cc5">
      <Execution id="c4d854cb-da3b-4cdd-b0a1-7b8d7472c06b" />
      <TestMethod codeBase="/src/Firmeza.Test/bin/Release/net8.0/Firmeza.Test.dll" adapterTypeName="executor://xunit/VsTestRunner3/netcore/" className="Firmeza.Test.Controllers.CategoriesControllerTests" name="GetCategoryById_WhenCategoryDoesNotExist_ShouldReturnNotFound" />
    </UnitTest>
    <UnitTest name="Firmeza.Test.Controllers.CategoriesControllerTests.Delete_ShouldReturnNoContent" storage="/src/firmeza.test/bin/release/net8.0/firmeza.test.dll" id="9dc726a9-264b-66e0-e985-dec9a87af462">
      <Execution id="3a13fdae-4d37-4f38-a29b-9c8b9ecc3303" />
      <TestMethod codeBase="/src/Firmeza.Test/bin/Release/net8.0/Firmeza.Test.dll" adapterTypeName="executor://xunit/VsTestRunner3/netcore/" className="Firmeza.Test.Controllers.CategoriesControllerTests" name="Delete_ShouldReturnNoContent" />
    </UnitTest>
    <UnitTest name="Firmeza.Test.Integration.DatabaseTest.CanConnectToDatabase" storage="/src/firmeza.test/bin/release/net8.0/firmeza.test.dll" id="c976c0e6-2271-7e53-2da4-18d516f6a38f">
      <Execution id="6066f45d-2b8f-4587-94d6-87b344ed81ec" />
      <TestMethod codeBase="/src/Firmeza.Test/bin/Release/net8.0/Firmeza.Test.dll" adapterTypeName="executor://xunit/VsTestRunner3/netcore/" className="Firmeza.Test.Integration.DatabaseTest" name="CanConnectToDatabase" />
    </UnitTest>
    <UnitTest name="Firmeza.Test.UnitTest1.Test1" storage="/src/firmeza.test/bin/release/net8.0/firmeza.test.dll" id="41e80eef-3db2-1f34-c15b-f511df934af4">
      <Execution id="f8da35cc-0b76-4cd7-9b7d-d8de0ed7f969" />
      <TestMethod codeBase="/src/Firmeza.Test/bin/Release/net8.0/Firmeza.Test.dll" adapterTypeName="executor://xunit/VsTestRunner3/netcore/" className="Firmeza.Test.UnitTest1" name="Test1" />
    </UnitTest>
    <UnitTest name="Firmeza.Test.Controllers.CategoriesControllerTests.Update_WithMismatchedId_ShouldReturnBadRequest" storage="/src/firmeza.test/bin/release/net8.0/firmeza.test.dll" id="28120273-2f50-ca51-2907-bb5d1a93dd0a">
      <Execution id="5df4d460-9f1c-48c5-a3ee-dd7837588c7e" />
      <TestMethod codeBase="/src/Firmeza.Test/bin/Release/net8.0/Firmeza.Test.dll" adapterTypeName="executor://xunit/VsTestRunner3/netcore/" className="Firmeza.Test.Controllers.CategoriesControllerTests" name="Update_WithMismatchedId_ShouldReturnBadRequest" />
    </UnitTest>
    <UnitTest name="Firmeza.Test.Controllers.ProductsControllerTests.GetProductById_WhenProductExists_ShouldReturnOkWithProduct" storage="/src/firmeza.test/bin/release/net8.0/firmeza.test.dll" id="0952a2b8-7e24-7908-dba9-3ba76ff697f9">
      <Execution id="74dc9eda-c495-48d0-bee5-0f1945be0273" />
      <TestMethod codeBase="/src/Firmeza.Test/bin/Release/net8.0/Firmeza.Test.dll" adapterTypeName="executor://xunit/VsTestRunner3/netcore/" className="Firmeza.Test.Controllers.ProductsControllerTests" name="GetProductById_WhenProductExists_ShouldReturnOkWithProduct" />
    </UnitTest>
    <UnitTest name="Firmeza.Test.Controllers.ProductsControllerTests.Delete_ShouldReturnNoContent" storage="/src/firmeza.test/bin/release/net8.0/firmeza.test.dll" id="e4405dc5-c776-6e7e-0c2f-4b8d1f523176">
      <Execution id="ee80328b-4b05-4d6c-a87f-031317cb7027" />
      <TestMethod codeBase="/src/Firmeza.Test/bin/Release/net8.0/Firmeza.Test.dll" adapterTypeName="executor://xunit/VsTestRunner3/netcore/" className="Firmeza.Test.Controllers.ProductsControllerTests" name="Delete_ShouldReturnNoContent" />
    </UnitTest>
    <UnitTest name="Firmeza.Test.Controllers.ProductsControllerTests.Create_ShouldReturnOkWithProductId" storage="/src/firmeza.test/bin/release/net8.0/firmeza.test.dll" id="2acaf2fd-86a3-2f8a-a23a-b5594d38aa92">
      <Execution id="a57f7eff-6736-4c14-abea-eb065f9d2a11" />
      <TestMethod codeBase="/src/Firmeza.Test/bin/Release/net8.0/Firmeza.Test.dll" adapterTypeName="executor://xunit/VsTestRunner3/netcore/" className="Firmeza.Test.Controllers.ProductsControllerTests" name="Create_ShouldReturnOkWithProductId" />
    </UnitTest>
    <UnitTest name="Firmeza.Test.Controllers.ProductsControllerTests.GetProducts_ShouldReturnOkWithProducts" storage="/src/firmeza.test/bin/release/net8.0/firmeza.test.dll" id="2de7e885-2ad2-4ad3-5617-5b9d5f4f2d8b">
      <Execution id="b6875104-4a5a-487d-9cad-64c5ee4f81cc" />
      <TestMethod codeBase="/src/Firmeza.Test/bin/Release/net8.0/Firmeza.Test.dll" adapterTypeName="executor://xunit/VsTestRunner3/netcore/" className="Firmeza.Test.Controllers.ProductsControllerTests" name="GetProducts_ShouldReturnOkWithProducts" />
    </UnitTest>
    <UnitTest name="Firmeza.Test.Controllers.CategoriesControllerTests.GetCategories_ShouldReturnOkWithCategories" storage="/src/firmeza.test/bin/release/net8.0/firmeza.test.dll" id="a4d93d9f-5c63-e9d5-640a-345118202f50">
      <Execution id="ef02f80f-81d5-4004-8208-1fbeac3b72f2" />
      <TestMethod codeBase="/src/Firmeza.Test/bin/Release/net8.0/Firmeza.Test.dll" adapterTypeName="executor://xunit/VsTestRunner3/netcore/" className="Firmeza.Test.Controllers.CategoriesControllerTests" name="GetCategories_ShouldReturnOkWithCategories" />
    </UnitTest>
  </TestDefinitions>
  <TestEntries>
    <TestEntry testId="e4405dc5-c776-6e7e-0c2f-4b8d1f523176" executionId="ee80328b-4b05-4d6c-a87f-031317cb7027" testListId="8c84fa94-04c1-424b-9868-57a2d4851a1d" />
    <TestEntry testId="9dc726a9-264b-66e0-e985-dec9a87af462" executionId="3a13fdae-4d37-4f38-a29b-9c8b9ecc3303" testListId="8c84fa94-04c1-424b-9868-57a2d4851a1d" />
    <TestEntry testId="28120273-2f50-ca51-2907-bb5d1a93dd0a" executionId="5df4d460-9f1c-48c5-a3ee-dd7837588c7e" testListId="8c84fa94-04c1-424b-9868-57a2d4851a1d" />
    <TestEntry testId="0952a2b8-7e24-7908-dba9-3ba76ff697f9" executionId="74dc9eda-c495-48d0-bee5-0f1945be0273" testListId="8c84fa94-04c1-424b-9868-57a2d4851a1d" />
    <TestEntry testId="2de7e885-2ad2-4ad3-5617-5b9d5f4f2d8b" executionId="b6875104-4a5a-487d-9cad-64c5ee4f81cc" testListId="8c84fa94-04c1-424b-9868-57a2d4851a1d" />
    <TestEntry testId="53e6e6ed-6980-f63c-efaf-140c1f1b57d4" executionId="04037d6c-f982-4758-b119-e34fd4c8778a" testListId="8c84fa94-04c1-424b-9868-57a2d4851a1d" />
    <TestEntry testId="0ec0b9bd-1d5f-5dbe-6ec5-9739c00267c9" executionId="ae6c3abd-28c7-44be-9839-8a7d690fb778" testListId="8c84fa94-04c1-424b-9868-57a2d4851a1d" />
    <TestEntry testId="db2d2302-ace7-37fa-da36-2eda43936d60" executionId="9b7fa230-f038-417e-9b8a-47dae815915b" testListId="8c84fa94-04c1-424b-9868-57a2d4851a1d" />
    <TestEntry testId="31347182-ddad-17a2-3563-92f5066de168" executionId="e8a4ad27-766e-4ad4-870e-2c09d2d4fb32" testListId="8c84fa94-04c1-424b-9868-57a2d4851a1d" />
    <TestEntry testId="c976c0e6-2271-7e53-2da4-18d516f6a38f" executionId="6066f45d-2b8f-4587-94d6-87b344ed81ec" testListId="8c84fa94-04c1-424b-9868-57a2d4851a1d" />
    <TestEntry testId="2691497b-232e-57e8-a50a-0525a8a84809" executionId="81f61d95-2def-44cb-b289-431a8aafdd91" testListId="8c84fa94-04c1-424b-9868-57a2d4851a1d" />
    <TestEntry testId="2acaf2fd-86a3-2f8a-a23a-b5594d38aa92" executionId="a57f7eff-6736-4c14-abea-eb065f9d2a11" testListId="8c84fa94-04c1-424b-9868-57a2d4851a1d" />
    <TestEntry testId="3c878477-a82d-eb53-c816-6f33eb051710" executionId="47221e54-a491-4b8a-8f7c-88bc3cbf340b" testListId="8c84fa94-04c1-424b-9868-57a2d4851a1d" />
    <TestEntry testId="41e80eef-3db2-1f34-c15b-f511df934af4" executionId="f8da35cc-0b76-4cd7-9b7d-d8de0ed7f969" testListId="8c84fa94-04c1-424b-9868-57a2d4851a1d" />
    <TestEntry testId="36abd493-0434-c1a8-2407-7a0907013cc5" executionId="c4d854cb-da3b-4cdd-b0a1-7b8d7472c06b" testListId="8c84fa94-04c1-424b-9868-57a2d4851a1d" />
    <TestEntry testId="dc385912-a868-143b-1121-d9dcbb9aed21" executionId="5237a07a-a788-41e2-8179-89ee3e3d60f7" testListId="8c84fa94-04c1-424b-9868-57a2d4851a1d" />
    <TestEntry testId="a4d93d9f-5c63-e9d5-640a-345118202f50" executionId="ef02f80f-81d5-4004-8208-1fbeac3b72f2" testListId="8c84fa94-04c1-424b-9868-57a2d4851a1d" />
  </TestEntries>
  <TestLists>
    <TestList name="Results Not in a List" id="8c84fa94-04c1-424b-9868-57a2d4851a1d" />
    <TestList name="All Loaded Results" id="19431567-8539-422a-85d7-44ee4e166bda" />
  </TestLists>
  <ResultSummary outcome="Failed">
    <Counters total="17" executed="17" passed="16" failed="1" error="0" timeout="0" aborted="0" inconclusive="0" passedButRunAborted="0" notRunnable="0" notExecuted="0" disconnected="0" warning="0" completed="0" inProgress="0" pending="0" />
    <Output>
      <StdOut>[xUnit.net 00:00:00.00] xUnit.net VSTest Adapter v3.1.5+1b188a7b0a (64-bit .NET 8.0.21)
[xUnit.net 00:00:00.05]   Discovering: Firmeza.Test
[xUnit.net 00:00:00.07]   Discovered:  Firmeza.Test
[xUnit.net 00:00:00.09]   Starting:    Firmeza.Test
     Warning:
     The component "Fluent Assertions" is governed by the rules defined in the Xceed License Agreement and
     the Xceed Fluent Assertions Community License. You may use Fluent Assertions free of charge for
     non-commercial use only. An active subscription is required to use Fluent Assertions for commercial use.
     Please contact Xceed Sales mailto:sales@xceed.com to acquire a subscription at a very low cost.
     A paid commercial license supports the development and continued increasing support of
     Fluent Assertions users under both commercial and community licenses. Help us
     keep Fluent Assertions at the forefront of unit testing.
     For more information, visit https://xceed.com/products/unit-testing/fluent-assertions/
\ud83d\ude80 Firmeza API is running
\ud83d\udcda Swagger UI: http://localhost:5000 or https://localhost:5001
❤️  Health Check: http://localhost:5000/health
\ud83d\ude80 Firmeza API is running
\ud83d\udcda Swagger UI: http://localhost:5000 or https://localhost:5001
❤️  Health Check: http://localhost:5000/health
warn: Microsoft.AspNetCore.DataProtection.Repositories.FileSystemXmlRepository[60]
      Storing keys in a directory '/root/.aspnet/DataProtection-Keys' that may not be persisted outside of the container. Protected data will be unavailable when container is destroyed. For more information go to https://aka.ms/aspnet/dataprotectionwarning
warn: Microsoft.AspNetCore.DataProtection.Repositories.FileSystemXmlRepository[60]
      Storing keys in a directory '/root/.aspnet/DataProtection-Keys' that may not be persisted outside of the container. Protected data will be unavailable when container is destroyed. For more information go to https://aka.ms/aspnet/dataprotectionwarning
warn: Microsoft.AspNetCore.DataProtection.KeyManagement.XmlKeyManager[35]
      No XML encryptor configured. Key {83ae5564-a287-41aa-a5eb-cc093848de9b} may be persisted to storage in unencrypted form.
warn: Microsoft.AspNetCore.DataProtection.KeyManagement.XmlKeyManager[35]
      No XML encryptor configured. Key {fc2112e0-9ad3-4d17-b61f-1f4823342680} may be persisted to storage in unencrypted form.
info: Microsoft.Hosting.Lifetime[14]
      Now listening on: http://*:8080
info: Microsoft.Hosting.Lifetime[14]
      Now listening on: http://*:8080
warn: Microsoft.AspNetCore.HttpsPolicy.HttpsRedirectionMiddleware[3]
      Failed to determine the https port for redirect.
warn: LuckyPennySoftware.MediatR.License[0]
      You do not have a valid license key for the Lucky Penny software MediatR. This is allowed for development and testing scenarios. If you are running in production you are required to have a licensed version. Please visit https://luckypennysoftware.com to obtain a valid license.
info: Microsoft.EntityFrameworkCore.Database.Command[20101]
      Executed DbCommand (28ms) [Parameters=[], CommandType='Text', CommandTimeout='30']
      SELECT CASE WHEN COUNT(*) = 0 THEN FALSE ELSE TRUE END
      FROM pg_class AS cls
      JOIN pg_namespace AS ns ON ns.oid = cls.relnamespace
      WHERE
              cls.relkind IN ('r', 'v', 'm', 'f', 'p') AND
              ns.nspname NOT IN ('pg_catalog', 'information_schema') AND
              -- Exclude tables which are members of PG extensions
              NOT EXISTS (
                  SELECT 1 FROM pg_depend WHERE
                      classid=(
                          SELECT cls.oid
                          FROM pg_class AS cls
                                   JOIN pg_namespace AS ns ON ns.oid = cls.relnamespace
                          WHERE relname='pg_class' AND ns.nspname='pg_catalog'
                      ) AND
                      objid=cls.oid AND
                      deptype IN ('e', 'x')
              )
fail: Microsoft.EntityFrameworkCore.Database.Command[20102]
      Failed executing DbCommand (16ms) [Parameters=[@__normalizedEmail_0='?'], CommandType='Text', CommandTimeout='30']
      SELECT a."Id", a."AccessFailedCount", a."Address", a."City", a."ConcurrencyStamp", a."DateRegistered", a."DocumentNumber", a."Email", a."EmailConfirmed", a."FirstName", a."IsActive", a."LastName", a."LockoutEnabled", a."LockoutEnd", a."NormalizedEmail", a."NormalizedUserName", a."PasswordHash", a."PhoneNumber", a."PhoneNumberConfirmed", a."SecurityStamp", a."TwoFactorEnabled", a."UserName"
      FROM public."AspNetUsers" AS a
      WHERE a."NormalizedEmail" = @__normalizedEmail_0
      LIMIT 2
fail: Microsoft.EntityFrameworkCore.Query[10100]
      An exception occurred while iterating over the results of a query for context type 'Infrastructure.Persistence.ApplicationDbContext'.
      Npgsql.PostgresException (0x80004005): 42P01: relation "public.AspNetUsers" does not exist
      POSITION: 399
         at Npgsql.Internal.NpgsqlConnector.ReadMessageLong(Boolean async, DataRowLoadingMode dataRowLoadingMode, Boolean readingNotifications, Boolean isReadingPrependedMessage)
         at System.Runtime.CompilerServices.PoolingAsyncValueTaskMethodBuilder`1.StateMachineBox`1.System.Threading.Tasks.Sources.IValueTaskSource&lt;TResult&gt;.GetResult(Int16 token)
         at Npgsql.NpgsqlDataReader.NextResult(Boolean async, Boolean isConsuming, CancellationToken cancellationToken)
         at Npgsql.NpgsqlDataReader.NextResult(Boolean async, Boolean isConsuming, CancellationToken cancellationToken)
         at Npgsql.NpgsqlCommand.ExecuteReader(Boolean async, CommandBehavior behavior, CancellationToken cancellationToken)
         at Npgsql.NpgsqlCommand.ExecuteReader(Boolean async, CommandBehavior behavior, CancellationToken cancellationToken)
         at Npgsql.NpgsqlCommand.ExecuteDbDataReaderAsync(CommandBehavior behavior, CancellationToken cancellationToken)
         at Microsoft.EntityFrameworkCore.Storage.RelationalCommand.ExecuteReaderAsync(RelationalCommandParameterObject parameterObject, CancellationToken cancellationToken)
         at Microsoft.EntityFrameworkCore.Storage.RelationalCommand.ExecuteReaderAsync(RelationalCommandParameterObject parameterObject, CancellationToken cancellationToken)
         at Microsoft.EntityFrameworkCore.Query.Internal.SingleQueryingEnumerable`1.AsyncEnumerator.InitializeReaderAsync(AsyncEnumerator enumerator, CancellationToken cancellationToken)
         at Npgsql.EntityFrameworkCore.PostgreSQL.Storage.Internal.NpgsqlExecutionStrategy.ExecuteAsync[TState,TResult](TState state, Func`4 operation, Func`4 verifySucceeded, CancellationToken cancellationToken)
         at Microsoft.EntityFrameworkCore.Query.Internal.SingleQueryingEnumerable`1.AsyncEnumerator.MoveNextAsync()
        Exception data:
          Severity: ERROR
          SqlState: 42P01
          MessageText: relation "public.AspNetUsers" does not exist
          Position: 399
          File: parse_relation.c
          Line: 1371
          Routine: parserOpenTable
      Npgsql.PostgresException (0x80004005): 42P01: relation "public.AspNetUsers" does not exist
      POSITION: 399
         at Npgsql.Internal.NpgsqlConnector.ReadMessageLong(Boolean async, DataRowLoadingMode dataRowLoadingMode, Boolean readingNotifications, Boolean isReadingPrependedMessage)
         at System.Runtime.CompilerServices.PoolingAsyncValueTaskMethodBuilder`1.StateMachineBox`1.System.Threading.Tasks.Sources.IValueTaskSource&lt;TResult&gt;.GetResult(Int16 token)
         at Npgsql.NpgsqlDataReader.NextResult(Boolean async, Boolean isConsuming, CancellationToken cancellationToken)
         at Npgsql.NpgsqlDataReader.NextResult(Boolean async, Boolean isConsuming, CancellationToken cancellationToken)
         at Npgsql.NpgsqlCommand.ExecuteReader(Boolean async, CommandBehavior behavior, CancellationToken cancellationToken)
         at Npgsql.NpgsqlCommand.ExecuteReader(Boolean async, CommandBehavior behavior, CancellationToken cancellationToken)
         at Npgsql.NpgsqlCommand.ExecuteDbDataReaderAsync(CommandBehavior behavior, CancellationToken cancellationToken)
         at Microsoft.EntityFrameworkCore.Storage.RelationalCommand.ExecuteReaderAsync(RelationalCommandParameterObject parameterObject, CancellationToken cancellationToken)
         at Microsoft.EntityFrameworkCore.Storage.RelationalCommand.ExecuteReaderAsync(RelationalCommandParameterObject parameterObject, CancellationToken cancellationToken)
         at Microsoft.EntityFrameworkCore.Query.Internal.SingleQueryingEnumerable`1.AsyncEnumerator.InitializeReaderAsync(AsyncEnumerator enumerator, CancellationToken cancellationToken)
         at Npgsql.EntityFrameworkCore.PostgreSQL.Storage.Internal.NpgsqlExecutionStrategy.ExecuteAsync[TState,TResult](TState state, Func`4 operation, Func`4 verifySucceeded, CancellationToken cancellationToken)
         at Microsoft.EntityFrameworkCore.Query.Internal.SingleQueryingEnumerable`1.AsyncEnumerator.MoveNextAsync()
        Exception data:
          Severity: ERROR
          SqlState: 42P01
          MessageText: relation "public.AspNetUsers" does not exist
          Position: 399
          File: parse_relation.c
          Line: 1371
          Routine: parserOpenTable
fail: Firmeza.Api.Middlewares.GlobalExceptionHandlerMiddleware[0]
      Ocurrió una excepción no controlada.
      Npgsql.PostgresException (0x80004005): 42P01: relation "public.AspNetUsers" does not exist
      POSITION: 399
         at Npgsql.Internal.NpgsqlConnector.ReadMessageLong(Boolean async, DataRowLoadingMode dataRowLoadingMode, Boolean readingNotifications, Boolean isReadingPrependedMessage)
         at System.Runtime.CompilerServices.PoolingAsyncValueTaskMethodBuilder`1.StateMachineBox`1.System.Threading.Tasks.Sources.IValueTaskSource&lt;TResult&gt;.GetResult(Int16 token)
         at Npgsql.NpgsqlDataReader.NextResult(Boolean async, Boolean isConsuming, CancellationToken cancellationToken)
         at Npgsql.NpgsqlDataReader.NextResult(Boolean async, Boolean isConsuming, CancellationToken cancellationToken)
         at Npgsql.NpgsqlCommand.ExecuteReader(Boolean async, CommandBehavior behavior, CancellationToken cancellationToken)
         at Npgsql.NpgsqlCommand.ExecuteReader(Boolean async, CommandBehavior behavior, CancellationToken cancellationToken)
         at Npgsql.NpgsqlCommand.ExecuteDbDataReaderAsync(CommandBehavior behavior, CancellationToken cancellationToken)
         at Microsoft.EntityFrameworkCore.Storage.RelationalCommand.ExecuteReaderAsync(RelationalCommandParameterObject parameterObject, CancellationToken cancellationToken)
         at Microsoft.EntityFrameworkCore.Storage.RelationalCommand.ExecuteReaderAsync(RelationalCommandParameterObject parameterObject, CancellationToken cancellationToken)
         at Microsoft.EntityFrameworkCore.Query.Internal.SingleQueryingEnumerable`1.AsyncEnumerator.InitializeReaderAsync(AsyncEnumerator enumerator, CancellationToken cancellationToken)
         at Npgsql.EntityFrameworkCore.PostgreSQL.Storage.Internal.NpgsqlExecutionStrategy.ExecuteAsync[TState,TResult](TState state, Func`4 operation, Func`4 verifySucceeded, CancellationToken cancellationToken)
         at Microsoft.EntityFrameworkCore.Query.Internal.SingleQueryingEnumerable`1.AsyncEnumerator.MoveNextAsync()
         at Microsoft.EntityFrameworkCore.Query.ShapedQueryCompilingExpressionVisitor.SingleOrDefaultAsync[TSource](IAsyncEnumerable`1 asyncEnumerable, CancellationToken cancellationToken)
         at Microsoft.EntityFrameworkCore.Query.ShapedQueryCompilingExpressionVisitor.SingleOrDefaultAsync[TSource](IAsyncEnumerable`1 asyncEnumerable, CancellationToken cancellationToken)
         at Microsoft.AspNetCore.Identity.UserManager`1.FindByEmailAsync(String email)
         at Infrastructure.Identity.IdentityService.AuthenticateAsync(String email, String password) in /src/Infrastructure/Identity/IdentityService.cs:line 21
         at Application.Auth.Commands.Login.LoginCommandHandler.Handle(LoginCommand request, CancellationToken cancellationToken) in /src/Application/Auth/Commands/Login/LoginCommandHandler.cs:line 19
         at Firmeza.Api.Controllers.AuthController.Login(LoginCommand command) in /src/Firmeza.Api/Controllers/AuthController.cs:line 12
         at lambda_method168(Closure, Object)
         at Microsoft.AspNetCore.Mvc.Infrastructure.ActionMethodExecutor.AwaitableObjectResultExecutor.Execute(ActionContext actionContext, IActionResultTypeMapper mapper, ObjectMethodExecutor executor, Object controller, Object[] arguments)
         at Microsoft.AspNetCore.Mvc.Infrastructure.ControllerActionInvoker.&lt;InvokeActionMethodAsync&gt;g__Awaited|12_0(ControllerActionInvoker invoker, ValueTask`1 actionResultValueTask)
         at Microsoft.AspNetCore.Mvc.Infrastructure.ControllerActionInvoker.&lt;InvokeNextActionFilterAsync&gt;g__Awaited|10_0(ControllerActionInvoker invoker, Task lastTask, State next, Scope scope, Object state, Boolean isCompleted)
         at Microsoft.AspNetCore.Mvc.Infrastructure.ControllerActionInvoker.Rethrow(ActionExecutedContextSealed context)
         at Microsoft.AspNetCore.Mvc.Infrastructure.ControllerActionInvoker.Next(State&amp; next, Scope&amp; scope, Object&amp; state, Boolean&amp; isCompleted)
         at Microsoft.AspNetCore.Mvc.Infrastructure.ControllerActionInvoker.&lt;InvokeInnerFilterAsync&gt;g__Awaited|13_0(ControllerActionInvoker invoker, Task lastTask, State next, Scope scope, Object state, Boolean isCompleted)
         at Microsoft.AspNetCore.Mvc.Infrastructure.ResourceInvoker.&lt;InvokeFilterPipelineAsync&gt;g__Awaited|20_0(ResourceInvoker invoker, Task lastTask, State next, Scope scope, Object state, Boolean isCompleted)
         at Microsoft.AspNetCore.Mvc.Infrastructure.ResourceInvoker.&lt;InvokeAsync&gt;g__Awaited|17_0(ResourceInvoker invoker, Task task, IDisposable scope)
         at Microsoft.AspNetCore.Mvc.Infrastructure.ResourceInvoker.&lt;InvokeAsync&gt;g__Awaited|17_0(ResourceInvoker invoker, Task task, IDisposable scope)
         at Microsoft.AspNetCore.Authorization.AuthorizationMiddleware.Invoke(HttpContext context)
         at Microsoft.AspNetCore.Authentication.AuthenticationMiddleware.Invoke(HttpContext context)
         at Firmeza.Api.Middlewares.GlobalExceptionHandlerMiddleware.InvokeAsync(HttpContext context) in /src/Firmeza.Api/Middlewares/GlobalExceptionHandlerMiddleware.cs:line 22
        Exception data:
          Severity: ERROR
          SqlState: 42P01
          MessageText: relation "public.AspNetUsers" does not exist
          Position: 399
          File: parse_relation.c
          Line: 1371
          Routine: parserOpenTable
info: Microsoft.EntityFrameworkCore.Database.Command[20101]
      Executed DbCommand (7ms) [Parameters=[], CommandType='Text', CommandTimeout='30']
      CREATE TABLE public."AspNetRoles" (
          "Id" text NOT NULL,
          "Name" character varying(256),
          "NormalizedName" character varying(256),
          "ConcurrencyStamp" text,
          CONSTRAINT "PK_AspNetRoles" PRIMARY KEY ("Id")
      );
info: Microsoft.EntityFrameworkCore.Database.Command[20101]
      Executed DbCommand (3ms) [Parameters=[], CommandType='Text', CommandTimeout='30']
      CREATE TABLE public."AspNetUsers" (
          "Id" text NOT NULL,
          "FirstName" character varying(100) NOT NULL,
          "LastName" character varying(100) NOT NULL,
          "DocumentNumber" character varying(20),
          "Address" character varying(200),
          "City" character varying(100),
          "DateRegistered" timestamp with time zone NOT NULL,
          "IsActive" boolean NOT NULL,
          "UserName" character varying(256),
          "NormalizedUserName" character varying(256),
          "Email" character varying(256),
          "NormalizedEmail" character varying(256),
          "EmailConfirmed" boolean NOT NULL,
          "PasswordHash" text,
          "SecurityStamp" text,
          "ConcurrencyStamp" text,
          "PhoneNumber" text,
          "PhoneNumberConfirmed" boolean NOT NULL,
          "TwoFactorEnabled" boolean NOT NULL,
          "LockoutEnd" timestamp with time zone,
          "LockoutEnabled" boolean NOT NULL,
          "AccessFailedCount" integer NOT NULL,
          CONSTRAINT "PK_AspNetUsers" PRIMARY KEY ("Id")
      );
info: Microsoft.EntityFrameworkCore.Database.Command[20101]
      Executed DbCommand (3ms) [Parameters=[], CommandType='Text', CommandTimeout='30']
      CREATE TABLE public.categories (
          id integer GENERATED BY DEFAULT AS IDENTITY,
          name character varying(100) NOT NULL,
          description character varying(500),
          active boolean NOT NULL DEFAULT TRUE,
          date_created timestamp with time zone NOT NULL DEFAULT (CURRENT_TIMESTAMP),
          CONSTRAINT "PK_categories" PRIMARY KEY (id)
      );
info: Microsoft.EntityFrameworkCore.Database.Command[20101]
      Executed DbCommand (5ms) [Parameters=[], CommandType='Text', CommandTimeout='30']
      CREATE TABLE public.customers (
          id integer GENERATED BY DEFAULT AS IDENTITY,
          type_customer integer NOT NULL,
          full_name character varying(200) NOT NULL,
          nit character varying(20),
          document_number character varying(15) NOT NULL,
          phone_number character varying(15),
          email character varying(100),
          city character varying(100),
          country character varying(100),
          credit_limit numeric(18,2) NOT NULL DEFAULT 0.0,
          days_to_pay integer NOT NULL DEFAULT 0,
          special_discount numeric(18,2),
          active boolean NOT NULL DEFAULT TRUE,
          date_registered timestamp with time zone NOT NULL DEFAULT (CURRENT_TIMESTAMP),
          CONSTRAINT "PK_customers" PRIMARY KEY (id)
      );
info: Microsoft.EntityFrameworkCore.Database.Command[20101]
      Executed DbCommand (2ms) [Parameters=[], CommandType='Text', CommandTimeout='30']
      CREATE TABLE public.measurements (
          id integer GENERATED BY DEFAULT AS IDENTITY,
          name character varying(50) NOT NULL,
          abbreviation character varying(10) NOT NULL,
          active boolean NOT NULL DEFAULT TRUE,
          CONSTRAINT "PK_measurements" PRIMARY KEY (id)
      );
info: Microsoft.EntityFrameworkCore.Database.Command[20101]
      Executed DbCommand (3ms) [Parameters=[], CommandType='Text', CommandTimeout='30']
      CREATE TABLE public.suppliers (
          id integer GENERATED BY DEFAULT AS IDENTITY,
          trade_name character varying(20) NOT NULL,
          nit character varying(20) NOT NULL,
          contact_name character varying(100) NOT NULL,
          phone_number character varying(15) NOT NULL,
          email character varying(100) NOT NULL,
          address character varying(200) NOT NULL,
          city character varying(100) NOT NULL,
          active boolean NOT NULL DEFAULT TRUE,
          date_created timestamp with time zone NOT NULL DEFAULT (CURRENT_TIMESTAMP),
          CONSTRAINT "PK_suppliers" PRIMARY KEY (id)
      );
[xUnit.net 00:00:01.03]       System.Net.Http.HttpRequestException : Response status code does not indicate success: 500 (Internal Server Error).
[xUnit.net 00:00:01.03]       Stack Trace:
[xUnit.net 00:00:01.03]            at System.Net.Http.HttpResponseMessage.EnsureSuccessStatusCode()
[xUnit.net 00:00:01.03]         /src/Firmeza.Test/Integration/AuthTest.cs(27,0): at Firmeza.Test.Integration.AuthTest.Login_WithDefaultAdmin_ShouldReturnToken()
[xUnit.net 00:00:01.03]         --- End of stack trace from previous location ---
info: Microsoft.EntityFrameworkCore.Database.Command[20101]
      Executed DbCommand (4ms) [Parameters=[], CommandType='Text', CommandTimeout='30']
      CREATE TABLE public."AspNetRoleClaims" (
          "Id" integer GENERATED BY DEFAULT AS IDENTITY,
          "RoleId" text NOT NULL,
          "ClaimType" text,
          "ClaimValue" text,
          CONSTRAINT "PK_AspNetRoleClaims" PRIMARY KEY ("Id"),
          CONSTRAINT "FK_AspNetRoleClaims_AspNetRoles_RoleId" FOREIGN KEY ("RoleId") REFERENCES public."AspNetRoles" ("Id") ON DELETE CASCADE
      );
info: Microsoft.EntityFrameworkCore.Database.Command[20101]
      Executed DbCommand (4ms) [Parameters=[], CommandType='Text', CommandTimeout='30']
      CREATE TABLE public."AspNetUserClaims" (
          "Id" integer GENERATED BY DEFAULT AS IDENTITY,
          "UserId" text NOT NULL,
          "ClaimType" text,
          "ClaimValue" text,
          CONSTRAINT "PK_AspNetUserClaims" PRIMARY KEY ("Id"),
          CONSTRAINT "FK_AspNetUserClaims_AspNetUsers_UserId" FOREIGN KEY ("UserId") REFERENCES public."AspNetUsers" ("Id") ON DELETE CASCADE
      );
info: Microsoft.EntityFrameworkCore.Database.Command[20101]
      Executed DbCommand (4ms) [Parameters=[], CommandType='Text', CommandTimeout='30']
      CREATE TABLE public."AspNetUserLogins" (
          "LoginProvider" text NOT NULL,
          "ProviderKey" text NOT NULL,
          "ProviderDisplayName" text,
          "UserId" text NOT NULL,
          CONSTRAINT "PK_AspNetUserLogins" PRIMARY KEY ("LoginProvider", "ProviderKey"),
          CONSTRAINT "FK_AspNetUserLogins_AspNetUsers_UserId" FOREIGN KEY ("UserId") REFERENCES public."AspNetUsers" ("Id") ON DELETE CASCADE
      );
info: Microsoft.EntityFrameworkCore.Database.Command[20101]
      Executed DbCommand (3ms) [Parameters=[], CommandType='Text', CommandTimeout='30']
      CREATE TABLE public."AspNetUserRoles" (
          "UserId" text NOT NULL,
          "RoleId" text NOT NULL,
          CONSTRAINT "PK_AspNetUserRoles" PRIMARY KEY ("UserId", "RoleId"),
          CONSTRAINT "FK_AspNetUserRoles_AspNetRoles_RoleId" FOREIGN KEY ("RoleId") REFERENCES public."AspNetRoles" ("Id") ON DELETE CASCADE,
          CONSTRAINT "FK_AspNetUserRoles_AspNetUsers_UserId" FOREIGN KEY ("UserId") REFERENCES public."AspNetUsers" ("Id") ON DELETE CASCADE
      );
info: Microsoft.EntityFrameworkCore.Database.Command[20101]
      Executed DbCommand (3ms) [Parameters=[], CommandType='Text', CommandTimeout='30']
      CREATE TABLE public."AspNetUserTokens" (
          "UserId" text NOT NULL,
          "LoginProvider" text NOT NULL,
          "Name" text NOT NULL,
          "Value" text,
          CONSTRAINT "PK_AspNetUserTokens" PRIMARY KEY ("UserId", "LoginProvider", "Name"),
          CONSTRAINT "FK_AspNetUserTokens_AspNetUsers_UserId" FOREIGN KEY ("UserId") REFERENCES public."AspNetUsers" ("Id") ON DELETE CASCADE
      );
info: Microsoft.EntityFrameworkCore.Database.Command[20101]
      Executed DbCommand (4ms) [Parameters=[], CommandType='Text', CommandTimeout='30']
      CREATE TABLE public.sales (
          id integer GENERATED BY DEFAULT AS IDENTITY,
          invoice_number character varying(20) NOT NULL,
          date timestamp with time zone NOT NULL DEFAULT (CURRENT_TIMESTAMP),
          customer_id integer NOT NULL,
          sub_total numeric(18,2) NOT NULL,
          discount numeric(18,2) NOT NULL DEFAULT 0.0,
          vat numeric(18,2) NOT NULL,
          total numeric(18,2) NOT NULL,
          payment_from integer NOT NULL,
          status integer NOT NULL,
          amount_paid numeric(18,2) NOT NULL DEFAULT 0.0,
          balance numeric(18,2) NOT NULL DEFAULT 0.0,
          full_payment_date timestamp with time zone,
          delivery_address character varying(200),
          delivery_date timestamp with time zone,
          devoted boolean NOT NULL DEFAULT FALSE,
          observations character varying(500),
          date_created timestamp with time zone NOT NULL DEFAULT (CURRENT_TIMESTAMP),
          CONSTRAINT "PK_sales" PRIMARY KEY (id),
          CONSTRAINT "FK_sales_customers_customer_id" FOREIGN KEY (customer_id) REFERENCES public.customers (id) ON DELETE RESTRICT
      );
info: Microsoft.EntityFrameworkCore.Database.Command[20101]
      Executed DbCommand (5ms) [Parameters=[], CommandType='Text', CommandTimeout='30']
      CREATE TABLE public.products (
          id integer GENERATED BY DEFAULT AS IDENTITY,
          code character varying(20) NOT NULL,
          name character varying(100) NOT NULL,
          description character varying(500) NOT NULL,
          category_id integer NOT NULL,
          measurement_id integer NOT NULL,
          supplier_id integer,
          buyer_price numeric(18,2) NOT NULL,
          sale_price numeric(18,2) NOT NULL,
          wholesale_price numeric(18,2) NOT NULL,
          current_stock integer NOT NULL,
          minimum_stock integer NOT NULL,
          mark character varying(50),
          model character varying(100),
          color character varying(50),
          weight numeric(18,2),
          size character varying(50),
          required_refrigeration boolean NOT NULL DEFAULT FALSE,
          dangerous_material boolean NOT NULL DEFAULT FALSE,
          active boolean NOT NULL DEFAULT TRUE,
          date_created timestamp with time zone NOT NULL DEFAULT (CURRENT_TIMESTAMP),
          date_updated timestamp with time zone,
          CONSTRAINT "PK_products" PRIMARY KEY (id),
          CONSTRAINT "FK_products_categories_category_id" FOREIGN KEY (category_id) REFERENCES public.categories (id) ON DELETE RESTRICT,
          CONSTRAINT "FK_products_measurements_measurement_id" FOREIGN KEY (measurement_id) REFERENCES public.measurements (id) ON DELETE RESTRICT,
          CONSTRAINT "FK_products_suppliers_supplier_id" FOREIGN KEY (supplier_id) REFERENCES public.suppliers (id) ON DELETE SET NULL
      );
info: Microsoft.EntityFrameworkCore.Database.Command[20101]
      Executed DbCommand (3ms) [Parameters=[], CommandType='Text', CommandTimeout='30']
      CREATE TABLE public.payment_sales (
          id integer GENERATED BY DEFAULT AS IDENTITY,
          sale_id integer NOT NULL,
          payment_date timestamp with time zone NOT NULL DEFAULT (CURRENT_TIMESTAMP),
          amount numeric(18,2) NOT NULL,
          payment_from integer NOT NULL,
          reference_number character varying(50),
          observations character varying(200),
          date_created timestamp with time zone NOT NULL DEFAULT (CURRENT_TIMESTAMP),
          CONSTRAINT "PK_payment_sales" PRIMARY KEY (id),
          CONSTRAINT "FK_payment_sales_sales_sale_id" FOREIGN KEY (sale_id) REFERENCES public.sales (id) ON DELETE CASCADE
      );
info: Microsoft.EntityFrameworkCore.Database.Command[20101]
      Executed DbCommand (3ms) [Parameters=[], CommandType='Text', CommandTimeout='30']
      CREATE TABLE public.inventory_movements (
          id integer GENERATED BY DEFAULT AS IDENTITY,
          product_id integer NOT NULL,
          movement_type integer NOT NULL,
          date timestamp with time zone NOT NULL DEFAULT (CURRENT_TIMESTAMP),
          quantity integer NOT NULL,
          after_stock integer NOT NULL,
          new_stock integer NOT NULL,
          observation character varying(200),
          date_created timestamp with time zone NOT NULL DEFAULT (CURRENT_TIMESTAMP),
          CONSTRAINT "PK_inventory_movements" PRIMARY KEY (id),
          CONSTRAINT "FK_inventory_movements_products_product_id" FOREIGN KEY (product_id) REFERENCES public.products (id) ON DELETE RESTRICT
      );
info: Microsoft.EntityFrameworkCore.Database.Command[20101]
      Executed DbCommand (3ms) [Parameters=[], CommandType='Text', CommandTimeout='30']
      CREATE TABLE public.sales_details (
          id integer GENERATED BY DEFAULT AS IDENTITY,
          sale_id integer NOT NULL,
          product_id integer NOT NULL,
          quantity integer NOT NULL,
          price numeric(18,2) NOT NULL,
          discount numeric(18,2) NOT NULL DEFAULT 0.0,
          sub_total numeric(18,2) NOT NULL,
          vat_percentage numeric(18,2) NOT NULL DEFAULT 19.0,
          vat numeric(18,2) NOT NULL,
          total numeric(18,2) NOT NULL,
          observations character varying(200),
          CONSTRAINT "PK_sales_details" PRIMARY KEY (id),
          CONSTRAINT "FK_sales_details_products_product_id" FOREIGN KEY (product_id) REFERENCES public.products (id) ON DELETE RESTRICT,
          CONSTRAINT "FK_sales_details_sales_sale_id" FOREIGN KEY (sale_id) REFERENCES public.sales (id) ON DELETE CASCADE
      );
info: Microsoft.EntityFrameworkCore.Database.Command[20101]
      Executed DbCommand (1ms) [Parameters=[], CommandType='Text', CommandTimeout='30']
      CREATE INDEX "IX_AspNetRoleClaims_RoleId" ON public."AspNetRoleClaims" ("RoleId");
info: Microsoft.EntityFrameworkCore.Database.Command[20101]
      Executed DbCommand (1ms) [Parameters=[], CommandType='Text', CommandTimeout='30']
      CREATE UNIQUE INDEX "RoleNameIndex" ON public."AspNetRoles" ("NormalizedName");
info: Microsoft.EntityFrameworkCore.Database.Command[20101]
      Executed DbCommand (1ms) [Parameters=[], CommandType='Text', CommandTimeout='30']
      CREATE INDEX "IX_AspNetUserClaims_UserId" ON public."AspNetUserClaims" ("UserId");
info: Microsoft.EntityFrameworkCore.Database.Command[20101]
      Executed DbCommand (1ms) [Parameters=[], CommandType='Text', CommandTimeout='30']
      CREATE INDEX "IX_AspNetUserLogins_UserId" ON public."AspNetUserLogins" ("UserId");
info: Microsoft.EntityFrameworkCore.Database.Command[20101]
      Executed DbCommand (1ms) [Parameters=[], CommandType='Text', CommandTimeout='30']
      CREATE INDEX "IX_AspNetUserRoles_RoleId" ON public."AspNetUserRoles" ("RoleId");
info: Microsoft.EntityFrameworkCore.Database.Command[20101]
      Executed DbCommand (1ms) [Parameters=[], CommandType='Text', CommandTimeout='30']
      CREATE INDEX "EmailIndex" ON public."AspNetUsers" ("NormalizedEmail");
info: Microsoft.EntityFrameworkCore.Database.Command[20101]
      Executed DbCommand (1ms) [Parameters=[], CommandType='Text', CommandTimeout='30']
      CREATE UNIQUE INDEX "UserNameIndex" ON public."AspNetUsers" ("NormalizedUserName");
info: Microsoft.EntityFrameworkCore.Database.Command[20101]
      Executed DbCommand (1ms) [Parameters=[], CommandType='Text', CommandTimeout='30']
      CREATE INDEX ix_categories_name ON public.categories (name);
info: Microsoft.EntityFrameworkCore.Database.Command[20101]
      Executed DbCommand (1ms) [Parameters=[], CommandType='Text', CommandTimeout='30']
      CREATE UNIQUE INDEX ix_customers_document ON public.customers (document_number);
info: Microsoft.EntityFrameworkCore.Database.Command[20101]
      Executed DbCommand (1ms) [Parameters=[], CommandType='Text', CommandTimeout='30']
      CREATE INDEX ix_customers_fullname ON public.customers (full_name);
info: Microsoft.EntityFrameworkCore.Database.Command[20101]
      Executed DbCommand (1ms) [Parameters=[], CommandType='Text', CommandTimeout='30']
      CREATE INDEX ix_customers_type ON public.customers (type_customer);
info: Microsoft.EntityFrameworkCore.Database.Command[20101]
      Executed DbCommand (1ms) [Parameters=[], CommandType='Text', CommandTimeout='30']
      CREATE INDEX ix_inventory_movements_date ON public.inventory_movements (date);
info: Microsoft.EntityFrameworkCore.Database.Command[20101]
      Executed DbCommand (1ms) [Parameters=[], CommandType='Text', CommandTimeout='30']
      CREATE INDEX ix_inventory_movements_product ON public.inventory_movements (product_id);
info: Microsoft.EntityFrameworkCore.Database.Command[20101]
      Executed DbCommand (1ms) [Parameters=[], CommandType='Text', CommandTimeout='30']
      CREATE INDEX ix_inventory_movements_type ON public.inventory_movements (movement_type);
info: Microsoft.EntityFrameworkCore.Database.Command[20101]
      Executed DbCommand (1ms) [Parameters=[], CommandType='Text', CommandTimeout='30']
      CREATE INDEX ix_measurements_name ON public.measurements (name);
info: Microsoft.EntityFrameworkCore.Database.Command[20101]
      Executed DbCommand (1ms) [Parameters=[], CommandType='Text', CommandTimeout='30']
      CREATE INDEX ix_payment_sales_date ON public.payment_sales (payment_date);
info: Microsoft.EntityFrameworkCore.Database.Command[20101]
      Executed DbCommand (1ms) [Parameters=[], CommandType='Text', CommandTimeout='30']
      CREATE INDEX ix_payment_sales_sale ON public.payment_sales (sale_id);
info: Microsoft.EntityFrameworkCore.Database.Command[20101]
      Executed DbCommand (1ms) [Parameters=[], CommandType='Text', CommandTimeout='30']
      CREATE INDEX ix_products_category ON public.products (category_id);
info: Microsoft.EntityFrameworkCore.Database.Command[20101]
      Executed DbCommand (1ms) [Parameters=[], CommandType='Text', CommandTimeout='30']
      CREATE UNIQUE INDEX ix_products_code ON public.products (code);
info: Microsoft.EntityFrameworkCore.Database.Command[20101]
      Executed DbCommand (1ms) [Parameters=[], CommandType='Text', CommandTimeout='30']
      CREATE INDEX "IX_products_measurement_id" ON public.products (measurement_id);
info: Microsoft.EntityFrameworkCore.Database.Command[20101]
      Executed DbCommand (1ms) [Parameters=[], CommandType='Text', CommandTimeout='30']
      CREATE INDEX ix_products_name ON public.products (name);
info: Microsoft.EntityFrameworkCore.Database.Command[20101]
      Executed DbCommand (1ms) [Parameters=[], CommandType='Text', CommandTimeout='30']
      CREATE INDEX "IX_products_supplier_id" ON public.products (supplier_id);
info: Microsoft.EntityFrameworkCore.Database.Command[20101]
      Executed DbCommand (1ms) [Parameters=[], CommandType='Text', CommandTimeout='30']
      CREATE INDEX ix_sales_customer ON public.sales (customer_id);
info: Microsoft.EntityFrameworkCore.Database.Command[20101]
      Executed DbCommand (1ms) [Parameters=[], CommandType='Text', CommandTimeout='30']
      CREATE INDEX ix_sales_date ON public.sales (date);
info: Microsoft.EntityFrameworkCore.Database.Command[20101]
      Executed DbCommand (1ms) [Parameters=[], CommandType='Text', CommandTimeout='30']
      CREATE UNIQUE INDEX ix_sales_invoice_number ON public.sales (invoice_number);
info: Microsoft.EntityFrameworkCore.Database.Command[20101]
      Executed DbCommand (1ms) [Parameters=[], CommandType='Text', CommandTimeout='30']
      CREATE INDEX ix_sales_status ON public.sales (status);
info: Microsoft.EntityFrameworkCore.Database.Command[20101]
      Executed DbCommand (1ms) [Parameters=[], CommandType='Text', CommandTimeout='30']
      CREATE INDEX ix_sales_details_product ON public.sales_details (product_id);
info: Microsoft.EntityFrameworkCore.Database.Command[20101]
      Executed DbCommand (1ms) [Parameters=[], CommandType='Text', CommandTimeout='30']
      CREATE INDEX ix_sales_details_sale ON public.sales_details (sale_id);
info: Microsoft.EntityFrameworkCore.Database.Command[20101]
      Executed DbCommand (1ms) [Parameters=[], CommandType='Text', CommandTimeout='30']
      CREATE UNIQUE INDEX ix_suppliers_nit ON public.suppliers (nit);
info: Microsoft.EntityFrameworkCore.Database.Command[20101]
      Executed DbCommand (1ms) [Parameters=[], CommandType='Text', CommandTimeout='30']
      CREATE INDEX ix_suppliers_trade_name ON public.suppliers (trade_name);
[xUnit.net 00:00:01.11]   Finished:    Firmeza.Test
</StdOut>
    </Output>
    <RunInfos>
      <RunInfo computerName="67475bd61e79" outcome="Error" timestamp="2025-11-29T00:51:30.8087929+00:00">
        <Text>[xUnit.net 00:00:01.03]     Firmeza.Test.Integration.AuthTest.Login_WithDefaultAdmin_ShouldReturnToken [FAIL]</Text>
      </RunInfo>
    </RunInfos>
    <CollectorDataEntries>
      <Collector agentName="67475bd61e79" uri="datacollector://microsoft/CoverletCodeCoverage/1.0" collectorDisplayName="XPlat code coverage">
        <UriAttachments>
          <UriAttachment>
            <A href="67475bd61e79/coverage.cobertura.xml"></A>
          </UriAttachment>
        </UriAttachments>
      </Collector>
    </CollectorDataEntries>
  </ResultSummary>
</TestRun>